Determining if the pthread_create exist failed with the following output:
Change Dir: /home/fraser/catkin_ws/build/CMakeFiles/CMakeTmp

Run Build Command:"/usr/bin/make" "cmTC_227ee/fast"
/usr/bin/make -f CMakeFiles/cmTC_227ee.dir/build.make CMakeFiles/cmTC_227ee.dir/build
make[1]: Entering directory '/home/fraser/catkin_ws/build/CMakeFiles/CMakeTmp'
Building C object CMakeFiles/cmTC_227ee.dir/CheckSymbolExists.c.o
/usr/bin/cc    -o CMakeFiles/cmTC_227ee.dir/CheckSymbolExists.c.o   -c /home/fraser/catkin_ws/build/CMakeFiles/CMakeTmp/CheckSymbolExists.c
Linking C executable cmTC_227ee
/usr/bin/cmake -E cmake_link_script CMakeFiles/cmTC_227ee.dir/link.txt --verbose=1
/usr/bin/cc      -rdynamic CMakeFiles/cmTC_227ee.dir/CheckSymbolExists.c.o  -o cmTC_227ee 
CMakeFiles/cmTC_227ee.dir/CheckSymbolExists.c.o: In function `main':
CheckSymbolExists.c:(.text+0x14): undefined reference to `pthread_create'
CheckSymbolExists.c:(.text+0x18): undefined reference to `pthread_create'
collect2: error: ld returned 1 exit status
CMakeFiles/cmTC_227ee.dir/build.make:97: recipe for target 'cmTC_227ee' failed
make[1]: *** [cmTC_227ee] Error 1
make[1]: Leaving directory '/home/fraser/catkin_ws/build/CMakeFiles/CMakeTmp'
Makefile:126: recipe for target 'cmTC_227ee/fast' failed
make: *** [cmTC_227ee/fast] Error 2

File /home/fraser/catkin_ws/build/CMakeFiles/CMakeTmp/CheckSymbolExists.c:
/* */
#include <pthread.h>

int main(int argc, char** argv)
{
  (void)argv;
#ifndef pthread_create
  return ((int*)(&pthread_create))[argc];
#else
  (void)argc;
  return 0;
#endif
}

Determining if the function pthread_create exists in the pthreads failed with the following output:
Change Dir: /home/fraser/catkin_ws/build/CMakeFiles/CMakeTmp

Run Build Command:"/usr/bin/make" "cmTC_93add/fast"
/usr/bin/make -f CMakeFiles/cmTC_93add.dir/build.make CMakeFiles/cmTC_93add.dir/build
make[1]: Entering directory '/home/fraser/catkin_ws/build/CMakeFiles/CMakeTmp'
Building C object CMakeFiles/cmTC_93add.dir/CheckFunctionExists.c.o
/usr/bin/cc   -DCHECK_FUNCTION_EXISTS=pthread_create   -o CMakeFiles/cmTC_93add.dir/CheckFunctionExists.c.o   -c /usr/share/cmake-3.10/Modules/CheckFunctionExists.c
Linking C executable cmTC_93add
/usr/bin/cmake -E cmake_link_script CMakeFiles/cmTC_93add.dir/link.txt --verbose=1
/usr/bin/cc  -DCHECK_FUNCTION_EXISTS=pthread_create    -rdynamic CMakeFiles/cmTC_93add.dir/CheckFunctionExists.c.o  -o cmTC_93add -lpthreads 
/usr/bin/ld: cannot find -lpthreads
collect2: error: ld returned 1 exit status
CMakeFiles/cmTC_93add.dir/build.make:97: recipe for target 'cmTC_93add' failed
make[1]: *** [cmTC_93add] Error 1
make[1]: Leaving directory '/home/fraser/catkin_ws/build/CMakeFiles/CMakeTmp'
Makefile:126: recipe for target 'cmTC_93add/fast' failed
make: *** [cmTC_93add/fast] Error 2


